[17:54:32] [main/INFO]: Environment: authHost='https://authserver.mojang.com', accountsHost='https://api.mojang.com', sessionHost='https://sessionserver.mojang.com', servicesHost='https://api.minecraftservices.com', name='PROD'
[17:54:32] [main/INFO]: Reloading ResourceManager: Default, bukkit
[17:54:33] [Worker-Main-1/INFO]: Loaded 7 recipes
[17:54:34] [Server thread/INFO]: Starting minecraft server version 1.16.5
[17:54:34] [Server thread/INFO]: Loading properties
[17:54:34] [Server thread/INFO]: This server is running Paper version git-Paper-794 (MC: 1.16.5) (Implementing API version 1.16.5-R0.1-SNAPSHOT)
[17:54:34] [Server thread/INFO]: Debug logging is disabled
[17:54:34] [Server thread/INFO]: Using 4 threads for Netty based IO
[17:54:34] [Server thread/INFO]: Server Ping Player Sample Count: 12
[17:54:34] [Server thread/INFO]: Default game type: SURVIVAL
[17:54:34] [Server thread/INFO]: Generating keypair
[17:54:34] [Server thread/INFO]: Starting Minecraft server on *:25565
[17:54:34] [Server thread/INFO]: Using epoll channel type
[17:54:35] [Server thread/WARN]: Initializing Legacy Material Support. Unless you have legacy plugins and/or data this is a bug!
[17:54:37] [Server thread/WARN]: Legacy plugin PingPlayer v1.3.3 does not specify an api-version.
[17:54:38] [Server thread/INFO]: [LuckPerms] Loading LuckPerms v5.4.152
[17:54:38] [Server thread/INFO]: [PingPlayer] Loading PingPlayer v1.3.3
[17:54:38] [Server thread/INFO]: [LoginSecurity] Loading LoginSecurity v3.3.0
[17:54:38] [Server thread/INFO]: [PlaceholderAPI] Loading PlaceholderAPI v2.11.6
[17:54:38] [Server thread/INFO]: [QStaffMode] Loading QStaffMode v1.3.6
[17:54:38] [Server thread/INFO]: [NametagEdit] Loading NametagEdit v4.5.23
[17:54:38] [Server thread/INFO]: [PlayerControl] Loading PlayerControl v1.7.4
[17:54:38] [Server thread/INFO]: Server permissions file permissions.yml is empty, ignoring it
[17:54:38] [Server thread/INFO]: [LuckPerms] Enabling LuckPerms v5.4.152
[17:54:38] [Server thread/INFO]:         __    
[17:54:38] [Server thread/INFO]:   |    |__)   LuckPerms v5.4.152
[17:54:38] [Server thread/INFO]:   |___ |      Running on Bukkit - Paper
[17:54:38] [Server thread/INFO]: 
[17:54:38] [Server thread/INFO]: [LuckPerms] Loading configuration...
[17:54:38] [Server thread/INFO]: [LuckPerms] Loading storage provider... [H2]
[17:54:39] [Server thread/INFO]: [LuckPerms] Loading internal permission managers...
[17:54:39] [Server thread/INFO]: [LuckPerms] Performing initial data load...
[17:54:39] [Server thread/INFO]: [LuckPerms] Successfully enabled. (took 1165ms)
[17:54:39] [Server thread/WARN]: **** SERVER IS RUNNING IN OFFLINE/INSECURE MODE!
[17:54:39] [Server thread/WARN]: The server will make no attempt to authenticate usernames. Beware.
[17:54:39] [Server thread/WARN]: While this makes the game possible to play without internet access, it also opens up the ability for hackers to connect with any username they choose.
[17:54:39] [Server thread/WARN]: To change this, set "online-mode" to "true" in the server.properties file.
[17:54:39] [Server thread/INFO]: Preparing level "world"
[17:54:39] [Server thread/INFO]: Preparing start region for dimension minecraft:overworld
[17:54:39] [Server thread/INFO]: Preparing spawn area: 0%
[17:54:40] [Server thread/INFO]: Preparing spawn area: 0%
[17:54:40] [Server thread/INFO]: Time elapsed: 742 ms
[17:54:40] [Server thread/INFO]: Preparing start region for dimension minecraft:the_nether
[17:54:40] [Server thread/INFO]: Time elapsed: 345 ms
[17:54:40] [Server thread/INFO]: Preparing start region for dimension minecraft:the_end
[17:54:40] [Server thread/INFO]: Time elapsed: 213 ms
[17:54:40] [Server thread/INFO]: [PingPlayer] Enabling PingPlayer v1.3.3*
[17:54:40] [Server thread/INFO]: [PingPlayer] Detected Minecraft version 1.16+, using new ping method.
[17:54:40] [Server thread/INFO]: [PingPlayer] PingPlayer v1.3.3 enabled.
[17:54:40] [Server thread/INFO]: [LoginSecurity] Enabling LoginSecurity v3.3.0
[17:54:40] [Server thread/INFO]: [LoginSecurity] Loading base translations from "en_us"
[17:54:40] [Server thread/INFO]: [LoginSecurity] Loading specified translations from "en_us"
[17:54:41] [Server thread/INFO]: [LoginSecurity] Registering commands...
[17:54:41] [Server thread/INFO]: [LoginSecurity] Registering listeners...
[17:54:41] [Server thread/INFO]: [LoginSecurity] Using 1.12+ map captcha renderer
[17:54:41] [Server thread/INFO]: [PlaceholderAPI] Enabling PlaceholderAPI v2.11.6
[17:54:41] [Server thread/INFO]: [PlaceholderAPI] Fetching available expansion information...
[17:54:41] [Server thread/INFO]: [QStaffMode] Enabling QStaffMode v1.3.6
[17:54:41] [Server thread/INFO]: [PlaceholderAPI] Successfully registered internal expansion: qstaffmode [1.0]
[17:54:41] [Server thread/INFO]: QStaffMode 1.3.6 enabled
[17:54:41] [Server thread/INFO]: [NametagEdit] Enabling NametagEdit v4.5.23
[17:54:41] [Server thread/INFO]: [NametagEdit] Successfully loaded using bukkit version: v1_16_R3
[17:54:41] [Server thread/INFO]: [NametagEdit] Found LuckPerms! Hooking in.
[17:54:41] [Server thread/INFO]: [PlayerControl] Enabling PlayerControl v1.7.4
[17:54:41] [Server thread/INFO]: [PlayerControl] Has been enabled! Version: 1.7.4
[17:54:41] [Server thread/INFO]: [PlayerControl] Thanks for using my plugin!  ~Ajneb97
[17:54:41] [Server thread/INFO]: [PlaceholderAPI] Placeholder expansion registration initializing...
[17:54:41] [Server thread/INFO]: 0 placeholder hook(s) registered!
[17:54:41] [Server thread/INFO]: Running delayed init tasks
[17:54:41] [Server thread/INFO]: Done (7.930s)! For help, type "help"
[17:54:41] [Server thread/WARN]: [io.papermc.paper.util.PaperJvmChecker] ************************************************************
[17:54:41] [Server thread/WARN]: [io.papermc.paper.util.PaperJvmChecker] * WARNING - YOU ARE RUNNING AN OUTDATED VERSION OF JAVA.
[17:54:41] [Server thread/WARN]: [io.papermc.paper.util.PaperJvmChecker] * PAPER WILL STOP BEING COMPATIBLE WITH THIS VERSION OF
[17:54:41] [Server thread/WARN]: [io.papermc.paper.util.PaperJvmChecker] * JAVA WHEN MINECRAFT 1.17 IS RELEASED.
[17:54:41] [Server thread/WARN]: [io.papermc.paper.util.PaperJvmChecker] *
[17:54:41] [Server thread/WARN]: [io.papermc.paper.util.PaperJvmChecker] * Please update the version of Java you use to run Paper
[17:54:41] [Server thread/WARN]: [io.papermc.paper.util.PaperJvmChecker] * to at least Java 16. When Paper for Minecraft 1.17 is
[17:54:41] [Server thread/WARN]: [io.papermc.paper.util.PaperJvmChecker] * released support for versions of Java before 16 will
[17:54:41] [Server thread/WARN]: [io.papermc.paper.util.PaperJvmChecker] * be dropped.
[17:54:41] [Server thread/WARN]: [io.papermc.paper.util.PaperJvmChecker] *
[17:54:41] [Server thread/WARN]: [io.papermc.paper.util.PaperJvmChecker] * Current Java version: 11.0.25
[17:54:41] [Server thread/WARN]: [io.papermc.paper.util.PaperJvmChecker] *
[17:54:41] [Server thread/WARN]: [io.papermc.paper.util.PaperJvmChecker] * Check this forum post for more information: 
[17:54:41] [Server thread/WARN]: [io.papermc.paper.util.PaperJvmChecker] *   https://papermc.io/java16
[17:54:41] [Server thread/WARN]: [io.papermc.paper.util.PaperJvmChecker] ************************************************************
[17:54:41] [Server thread/INFO]: Timings Reset
[17:54:44] [User Authenticator #1/INFO]: UUID of player Pato_con_flow is 9cbff30d-e6f3-3a59-9267-baae0b1b89cc
[17:54:44] [Server thread/INFO]: Pato_con_flow joined the game
[17:54:44] [Server thread/INFO]: Pato_con_flow[/127.67.59.64:43029] logged in with entity id 160 at ([world]128.8731779533247, 69.0, 285.02164949046454)
[17:57:29] [Server thread/INFO]: Pato_con_flow lost connection: Disconnected
[17:57:29] [Server thread/INFO]: Pato_con_flow left the game
[17:59:22] [User Authenticator #2/INFO]: UUID of player Pato_con_flow is 9cbff30d-e6f3-3a59-9267-baae0b1b89cc
[17:59:22] [Server thread/INFO]: Pato_con_flow joined the game
[17:59:22] [Server thread/INFO]: Pato_con_flow[/127.67.59.64:40415] logged in with entity id 435 at ([world]68.39038938623844, 71.0, 307.08361868774637)
[18:02:49] [Server thread/INFO]: Pato_con_flow issued server command: /time set day
[18:02:49] [Server thread/INFO]: [Pato_con_flow: Set the time to 1000]
[18:03:16] [Server thread/INFO]: Pato_con_flow issued server command: /tps
